<?xml version="1.0" encoding="UTF-8"?>
<coverage generated="1749466645757" clover="3.2.0">
  <project timestamp="1749466645757" name="All files">
    <metrics statements="44" coveredstatements="9" conditionals="10" coveredconditionals="0" methods="14" coveredmethods="1" elements="68" coveredelements="10" complexity="0" loc="44" ncloc="44" packages="1" files="1" classes="1"/>
    <file name="burgerConstructorSlice.ts" path="C:\Users\Nikolay\OneDrive\Документы\GitHub\Frontend-Yandex\src\services\slices\burgerConstructorSlice.ts">
      <metrics statements="44" coveredstatements="9" conditionals="10" coveredconditionals="0" methods="14" coveredmethods="1"/>
      <line num="1" count="1" type="stmt"/>
      <line num="23" count="1" type="stmt"/>
      <line num="46" count="0" type="cond" truecount="0" falsecount="1"/>
      <line num="53" count="0" type="stmt"/>
      <line num="54" count="0" type="stmt"/>
      <line num="55" count="0" type="stmt"/>
      <line num="56" count="0" type="stmt"/>
      <line num="57" count="0" type="stmt"/>
      <line num="59" count="0" type="stmt"/>
      <line num="66" count="1" type="stmt"/>
      <line num="77" count="0" type="cond" truecount="0" falsecount="2"/>
      <line num="78" count="0" type="stmt"/>
      <line num="80" count="0" type="stmt"/>
      <line num="83" count="2" type="stmt"/>
      <line num="92" count="0" type="stmt"/>
      <line num="93" count="0" type="stmt"/>
      <line num="101" count="0" type="stmt"/>
      <line num="102" count="0" type="stmt"/>
      <line num="109" count="0" type="stmt"/>
      <line num="110" count="0" type="stmt"/>
      <line num="111" count="0" type="stmt"/>
      <line num="119" count="0" type="stmt"/>
      <line num="125" count="0" type="cond" truecount="0" falsecount="1"/>
      <line num="126" count="0" type="stmt"/>
      <line num="127" count="0" type="stmt"/>
      <line num="128" count="0" type="stmt"/>
      <line num="130" count="0" type="stmt"/>
      <line num="133" count="0" type="stmt"/>
      <line num="134" count="0" type="stmt"/>
      <line num="136" count="0" type="stmt"/>
      <line num="144" count="1" type="stmt"/>
      <line num="145" count="0" type="stmt"/>
      <line num="151" count="1" type="stmt"/>
      <line num="153" count="0" type="stmt"/>
      <line num="163" count="1" type="stmt"/>
      <line num="166" count="0" type="cond" truecount="0" falsecount="1"/>
      <line num="167" count="0" type="stmt"/>
      <line num="168" count="0" type="stmt"/>
      <line num="169" count="0" type="stmt"/>
      <line num="170" count="0" type="stmt"/>
      <line num="171" count="0" type="stmt"/>
      <line num="173" count="0" type="stmt"/>
      <line num="182" count="1" type="stmt"/>
      <line num="187" count="1" type="stmt"/>
    </file>
  </project>
</coverage>
