{"C:\\Users\\Nikolay\\OneDrive\\Документы\\GitHub\\Frontend-Yandex\\src\\services\\slices\\burgerConstructorSlice.ts": {"path":"C:\\Users\\Nikolay\\OneDrive\\Документы\\GitHub\\Frontend-Yandex\\src\\services\\slices\\burgerConstructorSlice.ts","statementMap":{"0":{"start":{"line":1,"column":0},"end":{"line":1,"column":null}},"1":{"start":{"line":23,"column":13},"end":{"line":26,"column":2}},"2":{"start":{"line":46,"column":2},"end":{"line":58,"column":3}},"3":{"start":{"line":53,"column":16},"end":{"line":53,"column":27}},"4":{"start":{"line":54,"column":17},"end":{"line":54,"column":29}},"5":{"start":{"line":55,"column":4},"end":{"line":55,"column":30}},"6":{"start":{"line":56,"column":4},"end":{"line":56,"column":22}},"7":{"start":{"line":57,"column":4},"end":{"line":57,"column":18}},"8":{"start":{"line":59,"column":2},"end":{"line":59,"column":13}},"9":{"start":{"line":66,"column":13},"end":{"line":139,"column":3}},"10":{"start":{"line":77,"column":8},"end":{"line":81,"column":9}},"11":{"start":{"line":78,"column":10},"end":{"line":78,"column":37}},"12":{"start":{"line":80,"column":10},"end":{"line":80,"column":69}},"13":{"start":{"line":83,"column":44},"end":{"line":85,"column":null}},"14":{"start":{"line":92,"column":6},"end":{"line":94,"column":8}},"15":{"start":{"line":93,"column":18},"end":{"line":93,"column":null}},"16":{"start":{"line":101,"column":6},"end":{"line":101,"column":23}},"17":{"start":{"line":102,"column":6},"end":{"line":102,"column":29}},"18":{"start":{"line":109,"column":37},"end":{"line":109,"column":51}},"19":{"start":{"line":109,"column":23},"end":{"line":109,"column":25}},"20":{"start":{"line":109,"column":32},"end":{"line":109,"column":37}},"21":{"start":{"line":110,"column":21},"end":{"line":110,"column":40}},"22":{"start":{"line":111,"column":6},"end":{"line":111,"column":80}},"23":{"start":{"line":119,"column":34},"end":{"line":119,"column":null}},"24":{"start":{"line":125,"column":6},"end":{"line":135,"column":7}},"25":{"start":{"line":126,"column":33},"end":{"line":126,"column":35}},"26":{"start":{"line":127,"column":8},"end":{"line":127,"column":35}},"27":{"start":{"line":128,"column":8},"end":{"line":131,"column":null}},"28":{"start":{"line":130,"column":52},"end":{"line":130,"column":null}},"29":{"start":{"line":133,"column":8},"end":{"line":133,"column":35}},"30":{"start":{"line":134,"column":8},"end":{"line":134,"column":22}},"31":{"start":{"line":136,"column":6},"end":{"line":136,"column":18}},"32":{"start":{"line":144,"column":38},"end":{"line":145,"column":7}},"33":{"start":{"line":145,"column":2},"end":{"line":145,"column":26}},"34":{"start":{"line":144,"column":13},"end":{"line":144,"column":38}},"35":{"start":{"line":151,"column":13},"end":{"line":157,"column":2}},"36":{"start":{"line":153,"column":13},"end":{"line":156,"column":null}},"37":{"start":{"line":163,"column":13},"end":{"line":175,"column":2}},"38":{"start":{"line":166,"column":4},"end":{"line":172,"column":5}},"39":{"start":{"line":167,"column":31},"end":{"line":167,"column":33}},"40":{"start":{"line":168,"column":6},"end":{"line":168,"column":33}},"41":{"start":{"line":169,"column":6},"end":{"line":169,"column":76}},"42":{"start":{"line":169,"column":59},"end":{"line":169,"column":74}},"43":{"start":{"line":170,"column":6},"end":{"line":170,"column":33}},"44":{"start":{"line":171,"column":6},"end":{"line":171,"column":20}},"45":{"start":{"line":173,"column":4},"end":{"line":173,"column":16}},"46":{"start":{"line":182,"column":2},"end":{"line":185,"column":null}},"47":{"start":{"line":187,"column":15},"end":{"line":187,"column":null}}},"fnMap":{"0":{"name":"swapIngredients","decl":{"start":{"line":41,"column":9},"end":{"line":41,"column":24}},"loc":{"start":{"line":44,"column":12},"end":{"line":60,"column":1}}},"1":{"name":"(anonymous_4)","decl":{"start":{"line":76,"column":15},"end":{"line":76,"column":16}},"loc":{"start":{"line":76,"column":68},"end":{"line":82,"column":7}}},"2":{"name":"(anonymous_5)","decl":{"start":{"line":83,"column":15},"end":{"line":83,"column":16}},"loc":{"start":{"line":83,"column":39},"end":{"line":83,"column":45}}},"3":{"name":"(anonymous_6)","decl":{"start":{"line":91,"column":26},"end":{"line":91,"column":27}},"loc":{"start":{"line":91,"column":63},"end":{"line":95,"column":5}}},"4":{"name":"(anonymous_7)","decl":{"start":{"line":93,"column":8},"end":{"line":93,"column":9}},"loc":{"start":{"line":93,"column":13},"end":{"line":93,"column":22}}},"5":{"name":"(anonymous_8)","decl":{"start":{"line":100,"column":22},"end":{"line":100,"column":23}},"loc":{"start":{"line":100,"column":28},"end":{"line":103,"column":5}}},"6":{"name":"(anonymous_9)","decl":{"start":{"line":108,"column":14},"end":{"line":108,"column":15}},"loc":{"start":{"line":108,"column":57},"end":{"line":112,"column":5}}},"7":{"name":"(anonymous_10)","decl":{"start":{"line":119,"column":23},"end":{"line":119,"column":24}},"loc":{"start":{"line":119,"column":29},"end":{"line":119,"column":39}}},"8":{"name":"(anonymous_11)","decl":{"start":{"line":124,"column":23},"end":{"line":124,"column":24}},"loc":{"start":{"line":124,"column":29},"end":{"line":137,"column":5}}},"9":{"name":"(anonymous_12)","decl":{"start":{"line":130,"column":12},"end":{"line":130,"column":13}},"loc":{"start":{"line":130,"column":47},"end":{"line":130,"column":62}}},"10":{"name":"(anonymous_13)","decl":{"start":{"line":144,"column":38},"end":{"line":144,"column":39}},"loc":{"start":{"line":144,"column":55},"end":{"line":145,"column":7}}},"11":{"name":"(anonymous_14)","decl":{"start":{"line":153,"column":2},"end":{"line":153,"column":3}},"loc":{"start":{"line":153,"column":8},"end":{"line":153,"column":14}}},"12":{"name":"(anonymous_15)","decl":{"start":{"line":165,"column":2},"end":{"line":165,"column":3}},"loc":{"start":{"line":165,"column":8},"end":{"line":174,"column":3}}},"13":{"name":"(anonymous_16)","decl":{"start":{"line":169,"column":43},"end":{"line":169,"column":44}},"loc":{"start":{"line":169,"column":54},"end":{"line":169,"column":69}}}},"branchMap":{"0":{"loc":{"start":{"line":46,"column":2},"end":{"line":58,"column":3}},"type":"if","locations":[{"start":{"line":46,"column":2},"end":{"line":58,"column":3}}]},"1":{"loc":{"start":{"line":47,"column":4},"end":{"line":51,"column":15}},"type":"binary-expr","locations":[{"start":{"line":47,"column":4},"end":{"line":47,"column":13}},{"start":{"line":48,"column":4},"end":{"line":48,"column":11}},{"start":{"line":49,"column":4},"end":{"line":49,"column":21}},{"start":{"line":50,"column":4},"end":{"line":50,"column":19}},{"start":{"line":51,"column":4},"end":{"line":51,"column":15}}]},"2":{"loc":{"start":{"line":77,"column":8},"end":{"line":81,"column":9}},"type":"if","locations":[{"start":{"line":77,"column":8},"end":{"line":81,"column":9}},{"start":{"line":79,"column":15},"end":{"line":81,"column":9}}]},"3":{"loc":{"start":{"line":125,"column":6},"end":{"line":135,"column":7}},"type":"if","locations":[{"start":{"line":125,"column":6},"end":{"line":135,"column":7}}]},"4":{"loc":{"start":{"line":166,"column":4},"end":{"line":172,"column":5}},"type":"if","locations":[{"start":{"line":166,"column":4},"end":{"line":172,"column":5}}]}},"s":{"0":1,"1":1,"2":0,"3":0,"4":0,"5":0,"6":0,"7":0,"8":0,"9":1,"10":0,"11":0,"12":0,"13":2,"14":0,"15":0,"16":0,"17":0,"18":0,"19":0,"20":0,"21":0,"22":0,"23":0,"24":0,"25":0,"26":0,"27":0,"28":0,"29":0,"30":0,"31":0,"32":1,"33":0,"34":1,"35":1,"36":0,"37":1,"38":0,"39":0,"40":0,"41":0,"42":0,"43":0,"44":0,"45":0,"46":1,"47":1},"f":{"0":0,"1":0,"2":2,"3":0,"4":0,"5":0,"6":0,"7":0,"8":0,"9":0,"10":0,"11":0,"12":0,"13":0},"b":{"0":[0],"1":[0,0,0,0,0],"2":[0,0],"3":[0],"4":[0]}}
}
