TN:
SF:src\services\slices\burgerConstructorSlice.ts
FN:41,swapIngredients
FN:76,(anonymous_4)
FN:83,(anonymous_5)
FN:91,(anonymous_6)
FN:93,(anonymous_7)
FN:100,(anonymous_8)
FN:108,(anonymous_9)
FN:119,(anonymous_10)
FN:124,(anonymous_11)
FN:130,(anonymous_12)
FN:144,(anonymous_13)
FN:153,(anonymous_14)
FN:165,(anonymous_15)
FN:169,(anonymous_16)
FNF:14
FNH:1
FNDA:0,swapIngredients
FNDA:0,(anonymous_4)
FNDA:2,(anonymous_5)
FNDA:0,(anonymous_6)
FNDA:0,(anonymous_7)
FNDA:0,(anonymous_8)
FNDA:0,(anonymous_9)
FNDA:0,(anonymous_10)
FNDA:0,(anonymous_11)
FNDA:0,(anonymous_12)
FNDA:0,(anonymous_13)
FNDA:0,(anonymous_14)
FNDA:0,(anonymous_15)
FNDA:0,(anonymous_16)
DA:1,1
DA:23,1
DA:46,0
DA:53,0
DA:54,0
DA:55,0
DA:56,0
DA:57,0
DA:59,0
DA:66,1
DA:77,0
DA:78,0
DA:80,0
DA:83,2
DA:92,0
DA:93,0
DA:101,0
DA:102,0
DA:109,0
DA:110,0
DA:111,0
DA:119,0
DA:125,0
DA:126,0
DA:127,0
DA:128,0
DA:130,0
DA:133,0
DA:134,0
DA:136,0
DA:144,1
DA:145,0
DA:151,1
DA:153,0
DA:163,1
DA:166,0
DA:167,0
DA:168,0
DA:169,0
DA:170,0
DA:171,0
DA:173,0
DA:182,1
DA:187,1
LF:44
LH:9
BRDA:46,0,0,0
BRDA:47,1,0,0
BRDA:47,1,1,0
BRDA:47,1,2,0
BRDA:47,1,3,0
BRDA:47,1,4,0
BRDA:77,2,0,0
BRDA:77,2,1,0
BRDA:125,3,0,0
BRDA:166,4,0,0
BRF:10
BRH:0
end_of_record
